<?xml version="1.0" encoding="UTF-8"?>
<!-- Generated by org.testng.reporters.JUnitReportReporter -->
<testsuite skipped="0" hostname="PINKYPRIYA" name="org.test.FBWithDp" tests="2" failures="0" timestamp="20 Dec 2020 07:28:20 GMT" time="170.271" errors="0">
  <testcase name="test" time="64.348" classname="org.test.FBWithDp"/>
  <testcase name="test" time="105.923" classname="org.test.FBWithDp"/>
</testsuite> <!-- org.test.FBWithDp -->
