<?xml version="1.0" encoding="UTF-8"?>
<!-- Generated by org.testng.reporters.JUnitReportReporter -->
<testsuite skipped="0" hostname="PINKYPRIYA" name="org.test.DPExample" tests="2" failures="0" timestamp="20 Dec 2020 05:20:34 GMT" time="0.062" errors="0">
  <testcase name="test" time="0.004" classname="org.test.DPExample"/>
  <testcase name="test" time="0.058" classname="org.test.DPExample"/>
</testsuite> <!-- org.test.DPExample -->
